{"name": "Put method check in case of a correct payload", "status": "failed", "statusDetails": {"message": "AssertionError: FAILURE: Wrong response: status_code must be 200\nassert 400 == 200\ntests/test_cases.py:108 in test_put_200() -> check.equal(put_response.status_code, 200, \"Wrong response: status_code must be 200\")\nFAILURE: Updated not correct\nassert {'errors': {'...QJM:00000001'} == {'_id': '62a1...': 1654729115}\n  Left contains 4 more items:\n  {'errors': {'': [\"Error parsing boolean value. Path '', line 1, position 1.\"]},\n   'status': 400,\n   'title': 'One or more validation errors occurred.',\n   'traceId': '0HMFUSLN7GQJM:00000001'}\n  Right contains 3 more items:\n  {'_id': '62a1299a6f047803e8ae8491', 'number': 78, 'timestamp': 1654729115}...\n  \n  ...Full output truncated (2 lines hidden), use '-vv' to show\ntests/test_cases.py:110 in test_put_200() -> check.equal(put_response.json(), updated_payload, \"Updated not correct\")\n------------------------------------------------------------\nFailed Checks: 2", "trace": "FAILURE: Wrong response: status_code must be 200\nassert 400 == 200\ntests/test_cases.py:108 in test_put_200() -> check.equal(put_response.status_code, 200, \"Wrong response: status_code must be 200\")\nFAILURE: Updated not correct\nassert {'errors': {'...QJM:00000001'} == {'_id': '62a1...': 1654729115}\n  Left contains 4 more items:\n  {'errors': {'': [\"Error parsing boolean value. Path '', line 1, position 1.\"]},\n   'status': 400,\n   'title': 'One or more validation errors occurred.',\n   'traceId': '0HMFUSLN7GQJM:00000001'}\n  Right contains 3 more items:\n  {'_id': '62a1299a6f047803e8ae8491', 'number': 78, 'timestamp': 1654729115}...\n  \n  ...Full output truncated (2 lines hidden), use '-vv' to show\ntests/test_cases.py:110 in test_put_200() -> check.equal(put_response.json(), updated_payload, \"Updated not correct\")\n------------------------------------------------------------\nFailed Checks: 2"}, "start": 1654729114332, "stop": 1654729115636, "uuid": "21731635-256d-4955-a7ac-4f88e340fad4", "historyId": "87fe87f081e5c1389207eeed8a6b59f1", "testCaseId": "b4b2a9526a3e94e429b66d5c0c490efc", "fullName": "tests.test_cases#test_put_200", "labels": [{"name": "parentSuite", "value": "tests"}, {"name": "suite", "value": "test_cases"}, {"name": "host", "value": "KSargsyanL2M"}, {"name": "thread", "value": "57529-MainThread"}, {"name": "framework", "value": "pytest"}, {"name": "language", "value": "cpython3"}, {"name": "package", "value": "tests.test_cases"}]}