{"name": "Get method check in case of a correct payload and uniques ID", "status": "failed", "statusDetails": {"message": "AssertionError: FAILURE: Wrong response: status_code must be 200\nassert 200 == 201\ntests/test_cases.py:84 in test_get_id_200() -> check.equal(get_response.status_code, 201, \"Wrong response: status_code must be 200\")\n------------------------------------------------------------\nFailed Checks: 1", "trace": "FAILURE: Wrong response: status_code must be 200\nassert 200 == 201\ntests/test_cases.py:84 in test_get_id_200() -> check.equal(get_response.status_code, 201, \"Wrong response: status_code must be 200\")\n------------------------------------------------------------\nFailed Checks: 1"}, "start": 1654725224890, "stop": 1654725225573, "uuid": "4f56425a-5d81-4d20-bac1-820df7e10e47", "historyId": "439a9d35f253919b396b5ee7f5d8d145", "testCaseId": "00dcb6a166ee024bfc9fb83ea2150866", "fullName": "tests.test_cases#test_get_id_200", "labels": [{"name": "parentSuite", "value": "tests"}, {"name": "suite", "value": "test_cases"}, {"name": "host", "value": "KSargsyanL2M"}, {"name": "thread", "value": "56691-MainThread"}, {"name": "framework", "value": "pytest"}, {"name": "language", "value": "cpython3"}, {"name": "package", "value": "tests.test_cases"}]}