{"name": "Put method check in case of a correct payload", "status": "failed", "statusDetails": {"message": "AssertionError: FAILURE: Wrong response: status_code must be 200\nassert 400 == 200\ntests/test_cases.py:109 in test_put_200() -> check.equal(put_response.status_code, 200, \"Wrong response: status_code must be 200\")\nFAILURE: Updated not correct\nassert {'errors': {'...SGG:00000001'} == {'_id': '62a1...': 1654774564}\n  Left contains 4 more items:\n  {'errors': {'': [\"Error parsing boolean value. Path '', line 1, position 1.\"]},\n   'status': 400,\n   'title': 'One or more validation errors occurred.',\n   'traceId': '0HMFUSLN7GSGG:00000001'}\n  Right contains 3 more items:\n  {'_id': '62a1db256f047803e8ae84f0', 'number': 6900, 'timestamp': 1654774564}...\n  \n  ...Full output truncated (2 lines hidden), use '-vv' to show\ntests/test_cases.py:111 in test_put_200() -> check.equal(put_response.json(), updated_payload, \"Updated not correct\")\n------------------------------------------------------------\nFailed Checks: 2", "trace": "FAILURE: Wrong response: status_code must be 200\nassert 400 == 200\ntests/test_cases.py:109 in test_put_200() -> check.equal(put_response.status_code, 200, \"Wrong response: status_code must be 200\")\nFAILURE: Updated not correct\nassert {'errors': {'...SGG:00000001'} == {'_id': '62a1...': 1654774564}\n  Left contains 4 more items:\n  {'errors': {'': [\"Error parsing boolean value. Path '', line 1, position 1.\"]},\n   'status': 400,\n   'title': 'One or more validation errors occurred.',\n   'traceId': '0HMFUSLN7GSGG:00000001'}\n  Right contains 3 more items:\n  {'_id': '62a1db256f047803e8ae84f0', 'number': 6900, 'timestamp': 1654774564}...\n  \n  ...Full output truncated (2 lines hidden), use '-vv' to show\ntests/test_cases.py:111 in test_put_200() -> check.equal(put_response.json(), updated_payload, \"Updated not correct\")\n------------------------------------------------------------\nFailed Checks: 2"}, "start": 1654774564917, "stop": 1654774566390, "uuid": "118fd419-3536-4f5f-80e9-4154374f5c1f", "historyId": "87fe87f081e5c1389207eeed8a6b59f1", "testCaseId": "b4b2a9526a3e94e429b66d5c0c490efc", "fullName": "tests.test_cases#test_put_200", "labels": [{"name": "parentSuite", "value": "tests"}, {"name": "suite", "value": "test_cases"}, {"name": "host", "value": "KSargsyanL2M"}, {"name": "thread", "value": "62291-MainThread"}, {"name": "framework", "value": "pytest"}, {"name": "language", "value": "cpython3"}, {"name": "package", "value": "tests.test_cases"}]}